<?xml version="1.0" encoding="UTF-8"?>
<!-- Generated by org.testng.reporters.JUnitReportReporter -->
<testsuite skipped="0" hostname="chetan-PC" name="com.test.testcases.POSTAPITest" tests="1" failures="0" timestamp="10 Dec 2018 07:56:52 GMT" time="5.398" errors="0">
  <testcase name="postAPITest" time="5.398" classname="com.test.testcases.POSTAPITest"/>
</testsuite> <!-- com.test.testcases.POSTAPITest -->
