<?xml version="1.0" encoding="UTF-8"?>
<!-- Generated by org.testng.reporters.JUnitReportReporter -->
<testsuite skipped="0" hostname="chetan-PC" name="com.test.testcases.GetAPITest" tests="2" failures="0" timestamp="04 Dec 2018 18:38:50 GMT" time="2.342" errors="0">
  <testcase name="getAPITest" time="1.753" classname="com.test.testcases.GetAPITest"/>
  <testcase name="getAPIWithoutTest" time="0.589" classname="com.test.testcases.GetAPITest"/>
</testsuite> <!-- com.test.testcases.GetAPITest -->
