<?xml version="1.0" encoding="UTF-8"?>
<!-- Generated by org.testng.reporters.JUnitReportReporter -->
<testsuite skipped="0" hostname="chetan-PC" name="com.test.testcases.GetAPITest" tests="2" failures="0" timestamp="05 Dec 2018 05:58:06 GMT" time="3.151" errors="0">
  <testcase name="getAPITest" time="1.701" classname="com.test.testcases.GetAPITest"/>
  <testcase name="getAPIWithoutTest" time="1.450" classname="com.test.testcases.GetAPITest"/>
</testsuite> <!-- com.test.testcases.GetAPITest -->
